<?xml version="1.0" encoding="UTF-8"?>
<testng-results skipped="0" failed="0" total="2" passed="2">
  <reporter-output>
  </reporter-output>
  <suite name="Zoho Regression Suite" duration-ms="28857" started-at="2018-12-04T14:01:29Z" finished-at="2018-12-04T14:01:58Z">
    <groups>
    </groups>
    <test name="Chrome" duration-ms="16625" started-at="2018-12-04T14:01:29Z" finished-at="2018-12-04T14:01:46Z">
      <class name="com.zoho.HomeTestCases.TC_01_Zoho_HomePage_Verification_Thread_Local">
        <test-method status="PASS" signature="getMethodName(java.lang.reflect.Method, java.lang.String)[pri:0, instance:com.zoho.HomeTestCases.TC_01_Zoho_HomePage_Verification_Thread_Local@5bf0d49]" name="getMethodName" is-config="true" duration-ms="16019" started-at="2018-12-04T19:31:29Z" finished-at="2018-12-04T19:31:45Z">
          <params>
            <param index="0">
              <value>
                <![CDATA[public void com.zoho.HomeTestCases.TC_01_Zoho_HomePage_Verification_Thread_Local.TC_01_Verify_App_Home_Page_Thread_Local(java.util.Map) throws java.text.ParseException,java.lang.InterruptedException,java.lang.reflect.InvocationTargetException]]>
              </value>
            </param>
            <param index="1">
              <value>
                <![CDATA[Chrome]]>
              </value>
            </param>
          </params>
          <reporter-output>
          </reporter-output>
        </test-method> <!-- getMethodName -->
        <test-method status="PASS" signature="TC_01_Verify_App_Home_Page_Thread_Local(java.util.Map)[pri:0, instance:com.zoho.HomeTestCases.TC_01_Zoho_HomePage_Verification_Thread_Local@5bf0d49]" name="TC_01_Verify_App_Home_Page_Thread_Local" duration-ms="130" started-at="2018-12-04T19:31:45Z" data-provider="newComputerData10" finished-at="2018-12-04T19:31:45Z">
          <params>
            <param index="0">
              <value>
                <![CDATA[{Company Name=Apple Inc., Introducation Date=2018-11-22, Discontinued Date=2019-11-22, Computer Name=Solaris XYZ Contact Series1238}]]>
              </value>
            </param>
          </params>
          <reporter-output>
          </reporter-output>
        </test-method> <!-- TC_01_Verify_App_Home_Page_Thread_Local -->
        <test-method status="PASS" signature="afterEachTest(org.testng.ITestResult)[pri:0, instance:com.zoho.HomeTestCases.TC_01_Zoho_HomePage_Verification_Thread_Local@5bf0d49]" name="afterEachTest" is-config="true" duration-ms="404" started-at="2018-12-04T19:31:45Z" finished-at="2018-12-04T19:31:46Z">
          <params>
            <param index="0">
              <value>
                <![CDATA[[TestResult name=TC_01_Verify_App_Home_Page_Thread_Local status=SUCCESS method=TC_01_Zoho_HomePage_Verification_Thread_Local.TC_01_Verify_App_Home_Page_Thread_Local(java.util.Map)[pri:0, instance:com.zoho.HomeTestCases.TC_01_Zoho_HomePage_Verification_Thread_Local@5bf0d49] output={null}]]]>
              </value>
            </param>
          </params>
          <reporter-output>
          </reporter-output>
        </test-method> <!-- afterEachTest -->
      </class> <!-- com.zoho.HomeTestCases.TC_01_Zoho_HomePage_Verification_Thread_Local -->
    </test> <!-- Chrome -->
    <test name="Firefox" duration-ms="28857" started-at="2018-12-04T14:01:29Z" finished-at="2018-12-04T14:01:58Z">
      <class name="com.zoho.HomeTestCases.TC_01_Zoho_HomePage_Verification_Thread_Local">
        <test-method status="PASS" signature="getMethodName(java.lang.reflect.Method, java.lang.String)[pri:0, instance:com.zoho.HomeTestCases.TC_01_Zoho_HomePage_Verification_Thread_Local@dd05255]" name="getMethodName" is-config="true" duration-ms="26495" started-at="2018-12-04T19:31:29Z" finished-at="2018-12-04T19:31:55Z">
          <params>
            <param index="0">
              <value>
                <![CDATA[public void com.zoho.HomeTestCases.TC_01_Zoho_HomePage_Verification_Thread_Local.TC_01_Verify_App_Home_Page_Thread_Local(java.util.Map) throws java.text.ParseException,java.lang.InterruptedException,java.lang.reflect.InvocationTargetException]]>
              </value>
            </param>
            <param index="1">
              <value>
                <![CDATA[Firefox]]>
              </value>
            </param>
          </params>
          <reporter-output>
          </reporter-output>
        </test-method> <!-- getMethodName -->
        <test-method status="PASS" signature="TC_01_Verify_App_Home_Page_Thread_Local(java.util.Map)[pri:0, instance:com.zoho.HomeTestCases.TC_01_Zoho_HomePage_Verification_Thread_Local@dd05255]" name="TC_01_Verify_App_Home_Page_Thread_Local" duration-ms="66" started-at="2018-12-04T19:31:55Z" data-provider="newComputerData10" finished-at="2018-12-04T19:31:56Z">
          <params>
            <param index="0">
              <value>
                <![CDATA[{Company Name=Apple Inc., Introducation Date=2018-11-22, Discontinued Date=2019-11-22, Computer Name=Solaris XYZ Contact Series1238}]]>
              </value>
            </param>
          </params>
          <reporter-output>
          </reporter-output>
        </test-method> <!-- TC_01_Verify_App_Home_Page_Thread_Local -->
        <test-method status="PASS" signature="afterEachTest(org.testng.ITestResult)[pri:0, instance:com.zoho.HomeTestCases.TC_01_Zoho_HomePage_Verification_Thread_Local@dd05255]" name="afterEachTest" is-config="true" duration-ms="2225" started-at="2018-12-04T19:31:56Z" finished-at="2018-12-04T19:31:58Z">
          <params>
            <param index="0">
              <value>
                <![CDATA[[TestResult name=TC_01_Verify_App_Home_Page_Thread_Local status=SUCCESS method=TC_01_Zoho_HomePage_Verification_Thread_Local.TC_01_Verify_App_Home_Page_Thread_Local(java.util.Map)[pri:0, instance:com.zoho.HomeTestCases.TC_01_Zoho_HomePage_Verification_Thread_Local@dd05255] output={null}]]]>
              </value>
            </param>
          </params>
          <reporter-output>
          </reporter-output>
        </test-method> <!-- afterEachTest -->
      </class> <!-- com.zoho.HomeTestCases.TC_01_Zoho_HomePage_Verification_Thread_Local -->
    </test> <!-- Firefox -->
  </suite> <!-- Zoho Regression Suite -->
</testng-results>
