<?xml version="1.0" encoding="UTF-8"?>
<testng-results skipped="1" failed="0" total="2" passed="1">
  <reporter-output>
  </reporter-output>
  <suite name="Zoho Regression Suite" duration-ms="11047" started-at="2018-12-04T10:35:56Z" finished-at="2018-12-04T10:36:07Z">
    <groups>
    </groups>
    <test name="Firefox" duration-ms="126" started-at="2018-12-04T10:35:56Z" finished-at="2018-12-04T10:35:56Z">
      <class name="com.zoho.HomeTestCases.TC_01_Zoho_HomePage_Verification_Thread_Local">
        <test-method status="SKIP" signature="getMethodName(java.lang.reflect.Method, java.lang.String)[pri:0, instance:com.zoho.HomeTestCases.TC_01_Zoho_HomePage_Verification_Thread_Local@dd05255]" name="getMethodName" is-config="true" duration-ms="0" started-at="2018-12-04T16:05:56Z" finished-at="2018-12-04T16:05:56Z">
          <params>
            <param index="0">
              <value>
                <![CDATA[public void com.zoho.HomeTestCases.TC_01_Zoho_HomePage_Verification_Thread_Local.TC_01_Verify_App_Home_Page_Thread_Local(java.util.Map) throws java.text.ParseException,java.lang.InterruptedException,java.lang.reflect.InvocationTargetException]]>
              </value>
            </param>
            <param index="1">
              <value>
                <![CDATA[Firefox]]>
              </value>
            </param>
          </params>
          <exception class="org.testng.SkipException">
            <message>
              <![CDATA[Skipping the test TC_01_VERIFY_APP_HOME_PAGE_THREAD_LOCALas run mode is NO]]>
            </message>
            <full-stacktrace>
              <![CDATA[org.testng.SkipException: Skipping the test TC_01_VERIFY_APP_HOME_PAGE_THREAD_LOCALas run mode is NO
	at com.zoho.HomeTestCases.TC_01_Zoho_HomePage_Verification_Thread_Local.getMethodName(TC_01_Zoho_HomePage_Verification_Thread_Local.java:47)
	at sun.reflect.NativeMethodAccessorImpl.invoke0(Native Method)
	at sun.reflect.NativeMethodAccessorImpl.invoke(NativeMethodAccessorImpl.java:62)
	at sun.reflect.DelegatingMethodAccessorImpl.invoke(DelegatingMethodAccessorImpl.java:43)
	at java.lang.reflect.Method.invoke(Method.java:498)
	at org.testng.internal.MethodInvocationHelper.invokeMethod(MethodInvocationHelper.java:80)
	at org.testng.internal.Invoker.invokeConfigurationMethod(Invoker.java:564)
	at org.testng.internal.Invoker.invokeConfigurations(Invoker.java:213)
	at org.testng.internal.Invoker.invokeMethod(Invoker.java:653)
	at org.testng.internal.Invoker.invokeTestMethod(Invoker.java:901)
	at org.testng.internal.Invoker.invokeTestMethods(Invoker.java:1231)
	at org.testng.internal.TestMethodWorker.invokeTestMethods(TestMethodWorker.java:127)
	at org.testng.internal.TestMethodWorker.run(TestMethodWorker.java:111)
	at org.testng.TestRunner.privateRun(TestRunner.java:767)
	at org.testng.TestRunner.run(TestRunner.java:617)
	at org.testng.SuiteRunner.runTest(SuiteRunner.java:334)
	at org.testng.SuiteRunner.access$000(SuiteRunner.java:37)
	at org.testng.SuiteRunner$SuiteWorker.run(SuiteRunner.java:368)
	at org.testng.internal.thread.ThreadUtil$2.call(ThreadUtil.java:64)
	at java.util.concurrent.FutureTask.run(FutureTask.java:266)
	at java.util.concurrent.ThreadPoolExecutor.runWorker(ThreadPoolExecutor.java:1149)
	at java.util.concurrent.ThreadPoolExecutor$Worker.run(ThreadPoolExecutor.java:624)
	at java.lang.Thread.run(Thread.java:748)
]]>
            </full-stacktrace>
          </exception> <!-- org.testng.SkipException -->
          <reporter-output>
          </reporter-output>
        </test-method> <!-- getMethodName -->
        <test-method status="SKIP" signature="TC_01_Verify_App_Home_Page_Thread_Local(java.util.Map)[pri:0, instance:com.zoho.HomeTestCases.TC_01_Zoho_HomePage_Verification_Thread_Local@dd05255]" name="TC_01_Verify_App_Home_Page_Thread_Local" duration-ms="1" started-at="2018-12-04T16:05:56Z" data-provider="newComputerData10" finished-at="2018-12-04T16:05:56Z">
          <params>
            <param index="0">
              <value>
                <![CDATA[{Company Name=Apple Inc., Introducation Date=2018-11-22, Discontinued Date=2019-11-22, Computer Name=Solaris XYZ Contact Series1238}]]>
              </value>
            </param>
          </params>
          <reporter-output>
          </reporter-output>
        </test-method> <!-- TC_01_Verify_App_Home_Page_Thread_Local -->
        <test-method status="SKIP" signature="afterEachTest(org.testng.ITestResult)[pri:0, instance:com.zoho.HomeTestCases.TC_01_Zoho_HomePage_Verification_Thread_Local@dd05255]" name="afterEachTest" is-config="true" duration-ms="0" started-at="2018-12-04T16:05:56Z" finished-at="2018-12-04T16:05:56Z">
          <reporter-output>
          </reporter-output>
        </test-method> <!-- afterEachTest -->
      </class> <!-- com.zoho.HomeTestCases.TC_01_Zoho_HomePage_Verification_Thread_Local -->
    </test> <!-- Firefox -->
    <test name="Chrome" duration-ms="11047" started-at="2018-12-04T10:35:56Z" finished-at="2018-12-04T10:36:07Z">
      <class name="com.zoho.HomeTestCases.TC_01_Zoho_HomePage_Verification_Thread_Local">
        <test-method status="PASS" signature="getMethodName(java.lang.reflect.Method, java.lang.String)[pri:0, instance:com.zoho.HomeTestCases.TC_01_Zoho_HomePage_Verification_Thread_Local@5bf0d49]" name="getMethodName" is-config="true" duration-ms="10531" started-at="2018-12-04T16:05:56Z" finished-at="2018-12-04T16:06:07Z">
          <params>
            <param index="0">
              <value>
                <![CDATA[public void com.zoho.HomeTestCases.TC_01_Zoho_HomePage_Verification_Thread_Local.TC_01_Verify_App_Home_Page_Thread_Local(java.util.Map) throws java.text.ParseException,java.lang.InterruptedException,java.lang.reflect.InvocationTargetException]]>
              </value>
            </param>
            <param index="1">
              <value>
                <![CDATA[Chrome]]>
              </value>
            </param>
          </params>
          <reporter-output>
          </reporter-output>
        </test-method> <!-- getMethodName -->
        <test-method status="PASS" signature="TC_01_Verify_App_Home_Page_Thread_Local(java.util.Map)[pri:0, instance:com.zoho.HomeTestCases.TC_01_Zoho_HomePage_Verification_Thread_Local@5bf0d49]" name="TC_01_Verify_App_Home_Page_Thread_Local" duration-ms="97" started-at="2018-12-04T16:06:07Z" data-provider="newComputerData10" finished-at="2018-12-04T16:06:07Z">
          <params>
            <param index="0">
              <value>
                <![CDATA[{Company Name=Apple Inc., Introducation Date=2018-11-22, Discontinued Date=2019-11-22, Computer Name=Solaris XYZ Contact Series1238}]]>
              </value>
            </param>
          </params>
          <reporter-output>
          </reporter-output>
        </test-method> <!-- TC_01_Verify_App_Home_Page_Thread_Local -->
        <test-method status="PASS" signature="afterEachTest(org.testng.ITestResult)[pri:0, instance:com.zoho.HomeTestCases.TC_01_Zoho_HomePage_Verification_Thread_Local@5bf0d49]" name="afterEachTest" is-config="true" duration-ms="305" started-at="2018-12-04T16:06:07Z" finished-at="2018-12-04T16:06:07Z">
          <params>
            <param index="0">
              <value>
                <![CDATA[[TestResult name=TC_01_Verify_App_Home_Page_Thread_Local status=SUCCESS method=TC_01_Zoho_HomePage_Verification_Thread_Local.TC_01_Verify_App_Home_Page_Thread_Local(java.util.Map)[pri:0, instance:com.zoho.HomeTestCases.TC_01_Zoho_HomePage_Verification_Thread_Local@5bf0d49] output={null}]]]>
              </value>
            </param>
          </params>
          <reporter-output>
          </reporter-output>
        </test-method> <!-- afterEachTest -->
      </class> <!-- com.zoho.HomeTestCases.TC_01_Zoho_HomePage_Verification_Thread_Local -->
    </test> <!-- Chrome -->
  </suite> <!-- Zoho Regression Suite -->
</testng-results>
