<?xml version="1.0" encoding="UTF-8"?>
<!-- Generated by org.testng.reporters.JUnitXMLReporter -->
<testsuite hostname="PG014UCR" name="Windows+Chrome Test" tests="2" failures="1" timestamp="30 Nov 2018 10:13:41 GMT" time="0.079" errors="0">
  <testcase name="@BeforeMethod getMethodName" time="0.0" classname="com.zoho.HomeTestCases.TC_01_Zoho_HomePage_Verification_Thread_Local">
    <skipped/>
  </testcase> <!-- @BeforeMethod getMethodName -->
  <testcase name="TC_01_Verify_App_Home_Page_Thread_Local" time="0.0" classname="com.zoho.HomeTestCases.TC_01_Zoho_HomePage_Verification_Thread_Local">
    <skipped/>
  </testcase> <!-- TC_01_Verify_App_Home_Page_Thread_Local -->
  <testcase name="TC_01_Verify_App_Home_Page_Thread_Local" time="0.078" classname="com.zoho.HomeTestCases.TC_01_Zoho_HomePage_Verification_Thread_Local">
    <failure type="java.lang.NullPointerException">
      <![CDATA[java.lang.NullPointerException
	at com.zoho.listeners.CustomListeners.onTestSkipped(CustomListeners.java:150)
	at java.util.concurrent.FutureTask.run(Unknown Source)
	at java.util.concurrent.ThreadPoolExecutor.runWorker(Unknown Source)
	at java.util.concurrent.ThreadPoolExecutor$Worker.run(Unknown Source)
	at java.lang.Thread.run(Unknown Source)
... Removed 13 stack frames]]>
    </failure>
  </testcase> <!-- TC_01_Verify_App_Home_Page_Thread_Local -->
</testsuite> <!-- Windows+Chrome Test -->
