<?xml version="1.0" encoding="UTF-8"?>
<!-- Generated by org.testng.reporters.JUnitXMLReporter -->
<testsuite hostname="PG014UCR" name="Firefox" tests="1" failures="1" timestamp="4 Dec 2018 13:56:28 GMT" time="2.306" errors="0">
  <testcase name="TC_01_Verify_App_Home_Page_Thread_Local" time="0.053" classname="com.zoho.HomeTestCases.TC_01_Zoho_HomePage_Verification_Thread_Local">
    <failure type="java.lang.NullPointerException">
      <![CDATA[java.lang.NullPointerException
	at com.zoho.baseSetUp.BaseSetUp_Grid.getThreadValue(BaseSetUp_Grid.java:122)
	at com.zoho.baseSetUp.BaseSetUp_Grid.addLog(BaseSetUp_Grid.java:116)
	at com.backbase.appPages.Zoho_Page_Home_ThreadLocal.verifyHomePage(Zoho_Page_Home_ThreadLocal.java:59)
	at com.zoho.HomeTestCases.TC_01_Zoho_HomePage_Verification_Thread_Local.TC_01_Verify_App_Home_Page_Thread_Local(TC_01_Zoho_HomePage_Verification_Thread_Local.java:61)
	at java.util.concurrent.FutureTask.run(FutureTask.java:266)
	at java.util.concurrent.ThreadPoolExecutor.runWorker(ThreadPoolExecutor.java:1149)
	at java.util.concurrent.ThreadPoolExecutor$Worker.run(ThreadPoolExecutor.java:624)
	at java.lang.Thread.run(Thread.java:748)
... Removed 16 stack frames]]>
    </failure>
  </testcase> <!-- TC_01_Verify_App_Home_Page_Thread_Local -->
</testsuite> <!-- Firefox -->
