<?xml version="1.0" encoding="UTF-8"?>
<!-- Generated by org.testng.reporters.JUnitXMLReporter -->
<testsuite hostname="PG014UCR" name="Windows+Firefox Test" tests="1" failures="0" timestamp="1 Dec 2018 10:02:26 GMT" time="0.234" errors="0">
  <testcase name="@BeforeMethod getMethodName" time="0.0" classname="com.zoho.HomeTestCases.TC_01_Zoho_HomePage_Verification_Thread_Local">
    <skipped/>
  </testcase> <!-- @BeforeMethod getMethodName -->
  <testcase name="@AfterMethod afterEachTest" time="0.0" classname="com.zoho.HomeTestCases.TC_01_Zoho_HomePage_Verification_Thread_Local">
    <skipped/>
  </testcase> <!-- @AfterMethod afterEachTest -->
  <testcase name="TC_01_Verify_App_Home_Page_Thread_Local" time="0.006" classname="com.zoho.HomeTestCases.TC_01_Zoho_HomePage_Verification_Thread_Local">
    <skipped/>
  </testcase> <!-- TC_01_Verify_App_Home_Page_Thread_Local -->
</testsuite> <!-- Windows+Firefox Test -->
