<?xml version="1.0" encoding="UTF-8"?>
<testng-results skipped="1" failed="0" total="2" passed="1">
  <reporter-output>
  </reporter-output>
  <suite name="Zoho Regression Suite" duration-ms="77036" started-at="2018-12-07T04:57:25Z" finished-at="2018-12-07T04:58:42Z">
    <groups>
    </groups>
    <test name="Chrome" duration-ms="7917" started-at="2018-12-07T04:57:25Z" finished-at="2018-12-07T04:57:33Z">
      <class name="com.zoho.HomeTestCases.TC_01_Zoho_HomePage_Verification_Thread_Local">
        <test-method status="PASS" signature="getMethodName(java.lang.reflect.Method, java.lang.String)[pri:0, instance:com.zoho.HomeTestCases.TC_01_Zoho_HomePage_Verification_Thread_Local@65f095f8]" name="getMethodName" is-config="true" duration-ms="5964" started-at="2018-12-07T10:27:25Z" finished-at="2018-12-07T10:27:31Z">
          <params>
            <param index="0">
              <value>
                <![CDATA[public void com.zoho.HomeTestCases.TC_01_Zoho_HomePage_Verification_Thread_Local.TC_01_Verify_App_Home_Page_Thread_Local(java.util.Map) throws java.text.ParseException,java.lang.InterruptedException,java.lang.reflect.InvocationTargetException]]>
              </value>
            </param>
            <param index="1">
              <value>
                <![CDATA[Chrome]]>
              </value>
            </param>
          </params>
          <reporter-output>
          </reporter-output>
        </test-method> <!-- getMethodName -->
        <test-method status="PASS" signature="TC_01_Verify_App_Home_Page_Thread_Local(java.util.Map)[pri:0, instance:com.zoho.HomeTestCases.TC_01_Zoho_HomePage_Verification_Thread_Local@65f095f8]" name="TC_01_Verify_App_Home_Page_Thread_Local" duration-ms="221" started-at="2018-12-07T10:27:31Z" data-provider="newComputerData10" finished-at="2018-12-07T10:27:31Z">
          <params>
            <param index="0">
              <value>
                <![CDATA[{Company Name=Apple Inc., Introducation Date=2018-11-22, Discontinued Date=2019-11-22, Computer Name=Solaris XYZ Contact Series1238}]]>
              </value>
            </param>
          </params>
          <reporter-output>
          </reporter-output>
        </test-method> <!-- TC_01_Verify_App_Home_Page_Thread_Local -->
        <test-method status="PASS" signature="afterEachTest(org.testng.ITestResult)[pri:0, instance:com.zoho.HomeTestCases.TC_01_Zoho_HomePage_Verification_Thread_Local@65f095f8]" name="afterEachTest" is-config="true" duration-ms="1667" started-at="2018-12-07T10:27:31Z" finished-at="2018-12-07T10:27:33Z">
          <params>
            <param index="0">
              <value>
                <![CDATA[[TestResult name=TC_01_Verify_App_Home_Page_Thread_Local status=SUCCESS method=TC_01_Zoho_HomePage_Verification_Thread_Local.TC_01_Verify_App_Home_Page_Thread_Local(java.util.Map)[pri:0, instance:com.zoho.HomeTestCases.TC_01_Zoho_HomePage_Verification_Thread_Local@65f095f8] output={null}]]]>
              </value>
            </param>
          </params>
          <reporter-output>
          </reporter-output>
        </test-method> <!-- afterEachTest -->
      </class> <!-- com.zoho.HomeTestCases.TC_01_Zoho_HomePage_Verification_Thread_Local -->
    </test> <!-- Chrome -->
    <test name="Firefox" duration-ms="77036" started-at="2018-12-07T04:57:25Z" finished-at="2018-12-07T04:58:42Z">
      <class name="com.zoho.HomeTestCases.TC_01_Zoho_HomePage_Verification_Thread_Local">
        <test-method status="PASS" signature="setUpFramework()[pri:0, instance:com.zoho.HomeTestCases.TC_01_Zoho_HomePage_Verification_Thread_Local@b62d79]" name="setUpFramework" is-config="true" duration-ms="16" started-at="2018-12-07T10:27:25Z" finished-at="2018-12-07T10:27:25Z">
          <reporter-output>
          </reporter-output>
        </test-method> <!-- setUpFramework -->
        <test-method status="FAIL" signature="getMethodName(java.lang.reflect.Method, java.lang.String)[pri:0, instance:com.zoho.HomeTestCases.TC_01_Zoho_HomePage_Verification_Thread_Local@b62d79]" name="getMethodName" is-config="true" duration-ms="0" started-at="2018-12-07T10:27:25Z" finished-at="2018-12-07T10:27:25Z">
          <params>
            <param index="0">
              <value>
                <![CDATA[public void com.zoho.HomeTestCases.TC_01_Zoho_HomePage_Verification_Thread_Local.TC_01_Verify_App_Home_Page_Thread_Local(java.util.Map) throws java.text.ParseException,java.lang.InterruptedException,java.lang.reflect.InvocationTargetException]]>
              </value>
            </param>
            <param index="1">
              <value>
                <![CDATA[Firefox]]>
              </value>
            </param>
          </params>
          <exception class="org.openqa.selenium.WebDriverException">
            <message>
              <![CDATA[newSession
Build info: version: '3.12.0', revision: '7c6e0b3', time: '2018-05-08T14:04:26.12Z'
System info: host: 'PG014UCR', ip: '10.0.75.1', os.name: 'Windows 10', os.arch: 'amd64', os.version: '10.0', java.version: '1.8.0_181'
Driver info: driver.version: FirefoxDriver
remote stacktrace: WebDriverError@chrome://marionette/content/error.js:178:5
UnknownCommandError@chrome://marionette/content/error.js:472:5
despatch@chrome://marionette/content/server.js:283:13
execute@chrome://marionette/content/server.js:264:11
onPacket/<@chrome://marionette/content/server.js:237:15
onPacket@chrome://marionette/content/server.js:236:8
_onJSONObjectReady/<@chrome://marionette/content/transport.js:490:9
]]>
            </message>
            <full-stacktrace>
              <![CDATA[org.openqa.selenium.WebDriverException: newSession
Build info: version: '3.12.0', revision: '7c6e0b3', time: '2018-05-08T14:04:26.12Z'
System info: host: 'PG014UCR', ip: '10.0.75.1', os.name: 'Windows 10', os.arch: 'amd64', os.version: '10.0', java.version: '1.8.0_181'
Driver info: driver.version: FirefoxDriver
remote stacktrace: WebDriverError@chrome://marionette/content/error.js:178:5
UnknownCommandError@chrome://marionette/content/error.js:472:5
despatch@chrome://marionette/content/server.js:283:13
execute@chrome://marionette/content/server.js:264:11
onPacket/<@chrome://marionette/content/server.js:237:15
onPacket@chrome://marionette/content/server.js:236:8
_onJSONObjectReady/<@chrome://marionette/content/transport.js:490:9

	at sun.reflect.NativeConstructorAccessorImpl.newInstance0(Native Method)
	at sun.reflect.NativeConstructorAccessorImpl.newInstance(NativeConstructorAccessorImpl.java:62)
	at sun.reflect.DelegatingConstructorAccessorImpl.newInstance(DelegatingConstructorAccessorImpl.java:45)
	at java.lang.reflect.Constructor.newInstance(Constructor.java:423)
	at org.openqa.selenium.remote.W3CHandshakeResponse.lambda$new$0(W3CHandshakeResponse.java:57)
	at org.openqa.selenium.remote.W3CHandshakeResponse.lambda$getResponseFunction$2(W3CHandshakeResponse.java:104)
	at org.openqa.selenium.remote.ProtocolHandshake.lambda$createSession$0(ProtocolHandshake.java:123)
	at java.util.stream.ReferencePipeline$3$1.accept(ReferencePipeline.java:193)
	at java.util.Spliterators$ArraySpliterator.tryAdvance(Spliterators.java:958)
	at java.util.stream.ReferencePipeline.forEachWithCancel(ReferencePipeline.java:126)
	at java.util.stream.AbstractPipeline.copyIntoWithCancel(AbstractPipeline.java:498)
	at java.util.stream.AbstractPipeline.copyInto(AbstractPipeline.java:485)
	at java.util.stream.AbstractPipeline.wrapAndCopyInto(AbstractPipeline.java:471)
	at java.util.stream.FindOps$FindOp.evaluateSequential(FindOps.java:152)
	at java.util.stream.AbstractPipeline.evaluate(AbstractPipeline.java:234)
	at java.util.stream.ReferencePipeline.findFirst(ReferencePipeline.java:464)
	at org.openqa.selenium.remote.ProtocolHandshake.createSession(ProtocolHandshake.java:126)
	at org.openqa.selenium.remote.ProtocolHandshake.createSession(ProtocolHandshake.java:73)
	at org.openqa.selenium.remote.HttpCommandExecutor.execute(HttpCommandExecutor.java:136)
	at org.openqa.selenium.remote.service.DriverCommandExecutor.execute(DriverCommandExecutor.java:83)
	at org.openqa.selenium.remote.RemoteWebDriver.execute(RemoteWebDriver.java:543)
	at org.openqa.selenium.remote.RemoteWebDriver.startSession(RemoteWebDriver.java:207)
	at org.openqa.selenium.remote.RemoteWebDriver.<init>(RemoteWebDriver.java:130)
	at org.openqa.selenium.firefox.FirefoxDriver.<init>(FirefoxDriver.java:125)
	at org.openqa.selenium.firefox.FirefoxDriver.<init>(FirefoxDriver.java:103)
	at com.zoho.baseSetUp.BaseSetUp_Grid.initializeTestBaseSetup3(BaseSetUp_Grid.java:230)
	at com.zoho.HomeTestCases.TC_01_Zoho_HomePage_Verification_Thread_Local.getMethodName(TC_01_Zoho_HomePage_Verification_Thread_Local.java:53)
	at sun.reflect.NativeMethodAccessorImpl.invoke0(Native Method)
	at sun.reflect.NativeMethodAccessorImpl.invoke(NativeMethodAccessorImpl.java:62)
	at sun.reflect.DelegatingMethodAccessorImpl.invoke(DelegatingMethodAccessorImpl.java:43)
	at java.lang.reflect.Method.invoke(Method.java:498)
	at org.testng.internal.MethodInvocationHelper.invokeMethod(MethodInvocationHelper.java:80)
	at org.testng.internal.Invoker.invokeConfigurationMethod(Invoker.java:564)
	at org.testng.internal.Invoker.invokeConfigurations(Invoker.java:213)
	at org.testng.internal.Invoker.invokeMethod(Invoker.java:653)
	at org.testng.internal.Invoker.invokeTestMethod(Invoker.java:901)
	at org.testng.internal.Invoker.invokeTestMethods(Invoker.java:1231)
	at org.testng.internal.TestMethodWorker.invokeTestMethods(TestMethodWorker.java:127)
	at org.testng.internal.TestMethodWorker.run(TestMethodWorker.java:111)
	at org.testng.TestRunner.privateRun(TestRunner.java:767)
	at org.testng.TestRunner.run(TestRunner.java:617)
	at org.testng.SuiteRunner.runTest(SuiteRunner.java:334)
	at org.testng.SuiteRunner.access$000(SuiteRunner.java:37)
	at org.testng.SuiteRunner$SuiteWorker.run(SuiteRunner.java:368)
	at org.testng.internal.thread.ThreadUtil$2.call(ThreadUtil.java:64)
	at java.util.concurrent.FutureTask.run(FutureTask.java:266)
	at java.util.concurrent.ThreadPoolExecutor.runWorker(ThreadPoolExecutor.java:1149)
	at java.util.concurrent.ThreadPoolExecutor$Worker.run(ThreadPoolExecutor.java:624)
	at java.lang.Thread.run(Thread.java:748)
]]>
            </full-stacktrace>
          </exception> <!-- org.openqa.selenium.WebDriverException -->
          <reporter-output>
          </reporter-output>
        </test-method> <!-- getMethodName -->
        <test-method status="SKIP" signature="TC_01_Verify_App_Home_Page_Thread_Local(java.util.Map)[pri:0, instance:com.zoho.HomeTestCases.TC_01_Zoho_HomePage_Verification_Thread_Local@b62d79]" name="TC_01_Verify_App_Home_Page_Thread_Local" duration-ms="0" started-at="2018-12-07T10:28:42Z" data-provider="newComputerData10" finished-at="2018-12-07T10:28:42Z">
          <params>
            <param index="0">
              <value>
                <![CDATA[{Company Name=Apple Inc., Introducation Date=2018-11-22, Discontinued Date=2019-11-22, Computer Name=Solaris XYZ Contact Series1238}]]>
              </value>
            </param>
          </params>
          <reporter-output>
          </reporter-output>
        </test-method> <!-- TC_01_Verify_App_Home_Page_Thread_Local -->
        <test-method status="SKIP" signature="afterEachTest(org.testng.ITestResult)[pri:0, instance:com.zoho.HomeTestCases.TC_01_Zoho_HomePage_Verification_Thread_Local@b62d79]" name="afterEachTest" is-config="true" duration-ms="0" started-at="2018-12-07T10:28:42Z" finished-at="2018-12-07T10:28:42Z">
          <reporter-output>
          </reporter-output>
        </test-method> <!-- afterEachTest -->
      </class> <!-- com.zoho.HomeTestCases.TC_01_Zoho_HomePage_Verification_Thread_Local -->
    </test> <!-- Firefox -->
  </suite> <!-- Zoho Regression Suite -->
</testng-results>
